2025-06-04 14:03:39 [restartedMain] INFO  s.b.BalanceManagementApplication - Starting BalanceManagementApplication using Java 21.0.5 with PID 16268 (C:\Users\User\Documents\GitHub\developia_projects_gunel_aslanova\end-project\balance-management\target\classes started by User in C:\Users\User\Documents\GitHub\developia_projects_gunel_aslanova\end-project\balance-management)
2025-06-04 14:03:39 [restartedMain] INFO  s.b.BalanceManagementApplication - No active profile set, falling back to 1 default profile: "default"
2025-06-04 14:03:40 [restartedMain] INFO  o.s.d.r.c.RepositoryConfigurationDelegate - Multiple Spring Data modules found, entering strict repository configuration mode
2025-06-04 14:03:40 [restartedMain] INFO  o.s.d.r.c.RepositoryConfigurationDelegate - Bootstrapping Spring Data JDBC repositories in DEFAULT mode.
2025-06-04 14:03:40 [restartedMain] INFO  o.s.d.r.c.RepositoryConfigurationExtensionSupport - Spring Data JDBC - Could not safely identify store assignment for repository candidate interface springJava20.balance_management.repository.AuthorityRepository; If you want this repository to be a JDBC repository, consider annotating your entities with one of these annotations: org.springframework.data.relational.core.mapping.Table.
2025-06-04 14:03:40 [restartedMain] INFO  o.s.d.r.c.RepositoryConfigurationExtensionSupport - Spring Data JDBC - Could not safely identify store assignment for repository candidate interface springJava20.balance_management.repository.ExpenseCategoryRepository; If you want this repository to be a JDBC repository, consider annotating your entities with one of these annotations: org.springframework.data.relational.core.mapping.Table.
2025-06-04 14:03:40 [restartedMain] INFO  o.s.d.r.c.RepositoryConfigurationExtensionSupport - Spring Data JDBC - Could not safely identify store assignment for repository candidate interface springJava20.balance_management.repository.ExpensePlanRepository; If you want this repository to be a JDBC repository, consider annotating your entities with one of these annotations: org.springframework.data.relational.core.mapping.Table.
2025-06-04 14:03:40 [restartedMain] INFO  o.s.d.r.c.RepositoryConfigurationExtensionSupport - Spring Data JDBC - Could not safely identify store assignment for repository candidate interface springJava20.balance_management.repository.ExpenseRepository; If you want this repository to be a JDBC repository, consider annotating your entities with one of these annotations: org.springframework.data.relational.core.mapping.Table.
2025-06-04 14:03:40 [restartedMain] INFO  o.s.d.r.c.RepositoryConfigurationExtensionSupport - Spring Data JDBC - Could not safely identify store assignment for repository candidate interface springJava20.balance_management.repository.IncomeCategoryRepository; If you want this repository to be a JDBC repository, consider annotating your entities with one of these annotations: org.springframework.data.relational.core.mapping.Table.
2025-06-04 14:03:40 [restartedMain] INFO  o.s.d.r.c.RepositoryConfigurationExtensionSupport - Spring Data JDBC - Could not safely identify store assignment for repository candidate interface springJava20.balance_management.repository.IncomeRepository; If you want this repository to be a JDBC repository, consider annotating your entities with one of these annotations: org.springframework.data.relational.core.mapping.Table.
2025-06-04 14:03:40 [restartedMain] INFO  o.s.d.r.c.RepositoryConfigurationExtensionSupport - Spring Data JDBC - Could not safely identify store assignment for repository candidate interface springJava20.balance_management.repository.ReportRepository; If you want this repository to be a JDBC repository, consider annotating your entities with one of these annotations: org.springframework.data.relational.core.mapping.Table.
2025-06-04 14:03:40 [restartedMain] INFO  o.s.d.r.c.RepositoryConfigurationExtensionSupport - Spring Data JDBC - Could not safely identify store assignment for repository candidate interface springJava20.balance_management.repository.UserRepository; If you want this repository to be a JDBC repository, consider annotating your entities with one of these annotations: org.springframework.data.relational.core.mapping.Table.
2025-06-04 14:03:40 [restartedMain] INFO  o.s.d.r.c.RepositoryConfigurationDelegate - Finished Spring Data repository scanning in 39 ms. Found 0 JDBC repository interfaces.
2025-06-04 14:03:40 [restartedMain] INFO  o.s.d.r.c.RepositoryConfigurationDelegate - Multiple Spring Data modules found, entering strict repository configuration mode
2025-06-04 14:03:40 [restartedMain] INFO  o.s.d.r.c.RepositoryConfigurationDelegate - Bootstrapping Spring Data JPA repositories in DEFAULT mode.
2025-06-04 14:03:40 [restartedMain] INFO  o.s.d.r.c.RepositoryConfigurationDelegate - Finished Spring Data repository scanning in 40 ms. Found 8 JPA repository interfaces.
2025-06-04 14:03:41 [restartedMain] INFO  o.s.b.w.e.tomcat.TomcatWebServer - Tomcat initialized with port 8880 (http)
2025-06-04 14:03:41 [restartedMain] INFO  o.a.catalina.core.StandardService - Starting service [Tomcat]
2025-06-04 14:03:41 [restartedMain] INFO  o.a.catalina.core.StandardEngine - Starting Servlet engine: [Apache Tomcat/10.1.25]
2025-06-04 14:03:41 [restartedMain] INFO  o.a.c.c.C.[Tomcat].[localhost].[/] - Initializing Spring embedded WebApplicationContext
2025-06-04 14:03:41 [restartedMain] INFO  o.s.b.w.s.c.ServletWebServerApplicationContext - Root WebApplicationContext: initialization completed in 1737 ms
2025-06-04 14:03:41 [restartedMain] INFO  com.zaxxer.hikari.HikariDataSource - HikariPool-5 - Starting...
2025-06-04 14:03:41 [restartedMain] INFO  com.zaxxer.hikari.pool.HikariPool - HikariPool-5 - Added connection conn72: url=jdbc:h2:mem:db user=ROOT
2025-06-04 14:03:41 [restartedMain] INFO  com.zaxxer.hikari.HikariDataSource - HikariPool-5 - Start completed.
2025-06-04 14:03:41 [restartedMain] INFO  o.s.b.a.h.H2ConsoleAutoConfiguration - H2 console available at '/h2-console'. Database available at 'jdbc:h2:mem:db'
2025-06-04 14:03:41 [restartedMain] INFO  o.h.jpa.internal.util.LogHelper - HHH000204: Processing PersistenceUnitInfo [name: default]
2025-06-04 14:03:41 [restartedMain] INFO  o.h.c.i.RegionFactoryInitiator - HHH000026: Second-level cache disabled
2025-06-04 14:03:42 [restartedMain] INFO  o.s.o.j.p.SpringPersistenceUnitInfo - No LoadTimeWeaver setup: ignoring JPA class transformer
2025-06-04 14:03:43 [restartedMain] INFO  o.h.e.t.j.p.i.JtaPlatformInitiator - HHH000489: No JTA platform available (set 'hibernate.transaction.jta.platform' to enable JTA platform integration)
2025-06-04 14:03:43 [restartedMain] DEBUG org.hibernate.SQL - create table authorities (id integer generated by default as identity, authority varchar(255), username varchar(255), primary key (id))
2025-06-04 14:03:43 [restartedMain] DEBUG org.hibernate.SQL - create table authority_list (id integer generated by default as identity, authority varchar(255), user_num integer, primary key (id))
2025-06-04 14:03:43 [restartedMain] DEBUG org.hibernate.SQL - create table expense_categories (id integer generated by default as identity, created_date date, name varchar(255), user_id integer, primary key (id))
2025-06-04 14:03:43 [restartedMain] DEBUG org.hibernate.SQL - create table expense_plan (id integer generated by default as identity, end_date date, start_date date, total_amount numeric(38,2), primary key (id))
2025-06-04 14:03:43 [restartedMain] DEBUG org.hibernate.SQL - create table expenses (id integer generated by default as identity, amount numeric(38,2), created_date date, description varchar(255), exp_category_id integer, user_id integer, primary key (id))
2025-06-04 14:03:43 [restartedMain] DEBUG org.hibernate.SQL - create table income_categories (id integer generated by default as identity, created_date date, name varchar(255), user_id integer, primary key (id))
2025-06-04 14:03:43 [restartedMain] DEBUG org.hibernate.SQL - create table incomes (id integer generated by default as identity, amount numeric(38,2), created_date date, description varchar(255), inc_category_id integer, user_id integer, primary key (id))
2025-06-04 14:03:43 [restartedMain] DEBUG org.hibernate.SQL - create table reports (id integer generated by default as identity, primary key (id))
2025-06-04 14:03:43 [restartedMain] DEBUG org.hibernate.SQL - create table users (id integer generated by default as identity, enabled boolean, password varchar(255), username varchar(255), primary key (id))
2025-06-04 14:03:43 [restartedMain] DEBUG org.hibernate.SQL - alter table if exists users drop constraint if exists UKr43af9ap4edm43mmtq01oddj6
2025-06-04 14:03:43 [restartedMain] DEBUG org.hibernate.SQL - alter table if exists users add constraint UKr43af9ap4edm43mmtq01oddj6 unique (username)
2025-06-04 14:03:43 [restartedMain] INFO  o.s.o.j.LocalContainerEntityManagerFactoryBean - Initialized JPA EntityManagerFactory for persistence unit 'default'
2025-06-04 14:03:45 [restartedMain] WARN  o.s.b.a.o.j.JpaBaseConfiguration$JpaWebConfiguration - spring.jpa.open-in-view is enabled by default. Therefore, database queries may be performed during view rendering. Explicitly configure spring.jpa.open-in-view to disable this warning
2025-06-04 14:03:46 [restartedMain] INFO  o.s.s.c.a.a.c.InitializeAuthenticationProviderBeanManagerConfigurer$InitializeAuthenticationProviderManagerConfigurer - Global AuthenticationManager configured with AuthenticationProvider bean with name authenticationProvider
2025-06-04 14:03:46 [restartedMain] WARN  o.s.s.c.a.a.c.InitializeUserDetailsBeanManagerConfigurer$InitializeUserDetailsManagerConfigurer - Global AuthenticationManager configured with an AuthenticationProvider bean. UserDetailsService beans will not be used for username/password login. Consider removing the AuthenticationProvider bean. Alternatively, consider using the UserDetailsService in a manually instantiated DaoAuthenticationProvider.
2025-06-04 14:03:48 [restartedMain] INFO  o.s.b.d.a.OptionalLiveReloadServer - LiveReload server is running on port 35729
2025-06-04 14:03:48 [restartedMain] INFO  o.s.b.w.e.tomcat.TomcatWebServer - Tomcat started on port 8880 (http) with context path '/'
2025-06-04 14:03:48 [restartedMain] INFO  s.b.BalanceManagementApplication - Started BalanceManagementApplication in 9.443 seconds (process running for 6330.144)
2025-06-04 14:03:48 [restartedMain] INFO  o.s.b.d.a.ConditionEvaluationDeltaLoggingListener - Condition evaluation unchanged
2025-06-04 14:05:33 [File Watcher] INFO  o.s.b.d.a.LocalDevToolsAutoConfiguration$RestartingClassPathChangeChangedEventListener - Restarting due to 1 class path change (0 additions, 0 deletions, 1 modification)
2025-06-04 14:05:33 [Thread-20] INFO  o.s.o.j.LocalContainerEntityManagerFactoryBean - Closing JPA EntityManagerFactory for persistence unit 'default'
2025-06-04 14:05:33 [Thread-20] WARN  o.s.b.f.s.DisposableBeanAdapter - Invocation of destroy method failed on bean with name 'inMemoryDatabaseShutdownExecutor': org.h2.jdbc.JdbcSQLNonTransientConnectionException: Database is already closed (to disable automatic closing at VM shutdown, add ";DB_CLOSE_ON_EXIT=FALSE" to the db URL) [90121-224]
2025-06-04 14:05:33 [Thread-20] INFO  com.zaxxer.hikari.HikariDataSource - HikariPool-5 - Shutdown initiated...
2025-06-04 14:05:33 [Thread-20] INFO  com.zaxxer.hikari.HikariDataSource - HikariPool-5 - Shutdown completed.
2025-06-04 14:11:50 [restartedMain] INFO  s.b.BalanceManagementApplication - Starting BalanceManagementApplication using Java 21.0.5 with PID 16268 (C:\Users\User\Documents\GitHub\developia_projects_gunel_aslanova\end-project\balance-management\target\classes started by User in C:\Users\User\Documents\GitHub\developia_projects_gunel_aslanova\end-project\balance-management)
2025-06-04 14:11:50 [restartedMain] INFO  s.b.BalanceManagementApplication - No active profile set, falling back to 1 default profile: "default"
2025-06-04 14:11:51 [restartedMain] INFO  o.s.d.r.c.RepositoryConfigurationDelegate - Multiple Spring Data modules found, entering strict repository configuration mode
2025-06-04 14:11:51 [restartedMain] INFO  o.s.d.r.c.RepositoryConfigurationDelegate - Bootstrapping Spring Data JDBC repositories in DEFAULT mode.
2025-06-04 14:11:51 [restartedMain] INFO  o.s.d.r.c.RepositoryConfigurationExtensionSupport - Spring Data JDBC - Could not safely identify store assignment for repository candidate interface springJava20.balance_management.repository.AuthorityRepository; If you want this repository to be a JDBC repository, consider annotating your entities with one of these annotations: org.springframework.data.relational.core.mapping.Table.
2025-06-04 14:11:51 [restartedMain] INFO  o.s.d.r.c.RepositoryConfigurationExtensionSupport - Spring Data JDBC - Could not safely identify store assignment for repository candidate interface springJava20.balance_management.repository.ExpenseCategoryRepository; If you want this repository to be a JDBC repository, consider annotating your entities with one of these annotations: org.springframework.data.relational.core.mapping.Table.
2025-06-04 14:11:51 [restartedMain] INFO  o.s.d.r.c.RepositoryConfigurationExtensionSupport - Spring Data JDBC - Could not safely identify store assignment for repository candidate interface springJava20.balance_management.repository.ExpensePlanRepository; If you want this repository to be a JDBC repository, consider annotating your entities with one of these annotations: org.springframework.data.relational.core.mapping.Table.
2025-06-04 14:11:51 [restartedMain] INFO  o.s.d.r.c.RepositoryConfigurationExtensionSupport - Spring Data JDBC - Could not safely identify store assignment for repository candidate interface springJava20.balance_management.repository.ExpenseRepository; If you want this repository to be a JDBC repository, consider annotating your entities with one of these annotations: org.springframework.data.relational.core.mapping.Table.
2025-06-04 14:11:51 [restartedMain] INFO  o.s.d.r.c.RepositoryConfigurationExtensionSupport - Spring Data JDBC - Could not safely identify store assignment for repository candidate interface springJava20.balance_management.repository.IncomeCategoryRepository; If you want this repository to be a JDBC repository, consider annotating your entities with one of these annotations: org.springframework.data.relational.core.mapping.Table.
2025-06-04 14:11:51 [restartedMain] INFO  o.s.d.r.c.RepositoryConfigurationExtensionSupport - Spring Data JDBC - Could not safely identify store assignment for repository candidate interface springJava20.balance_management.repository.IncomeRepository; If you want this repository to be a JDBC repository, consider annotating your entities with one of these annotations: org.springframework.data.relational.core.mapping.Table.
2025-06-04 14:11:51 [restartedMain] INFO  o.s.d.r.c.RepositoryConfigurationExtensionSupport - Spring Data JDBC - Could not safely identify store assignment for repository candidate interface springJava20.balance_management.repository.ReportRepository; If you want this repository to be a JDBC repository, consider annotating your entities with one of these annotations: org.springframework.data.relational.core.mapping.Table.
2025-06-04 14:11:51 [restartedMain] INFO  o.s.d.r.c.RepositoryConfigurationExtensionSupport - Spring Data JDBC - Could not safely identify store assignment for repository candidate interface springJava20.balance_management.repository.UserRepository; If you want this repository to be a JDBC repository, consider annotating your entities with one of these annotations: org.springframework.data.relational.core.mapping.Table.
2025-06-04 14:11:51 [restartedMain] INFO  o.s.d.r.c.RepositoryConfigurationDelegate - Finished Spring Data repository scanning in 44 ms. Found 0 JDBC repository interfaces.
2025-06-04 14:11:51 [restartedMain] INFO  o.s.d.r.c.RepositoryConfigurationDelegate - Multiple Spring Data modules found, entering strict repository configuration mode
2025-06-04 14:11:51 [restartedMain] INFO  o.s.d.r.c.RepositoryConfigurationDelegate - Bootstrapping Spring Data JPA repositories in DEFAULT mode.
2025-06-04 14:11:51 [restartedMain] INFO  o.s.d.r.c.RepositoryConfigurationDelegate - Finished Spring Data repository scanning in 41 ms. Found 8 JPA repository interfaces.
2025-06-04 14:11:51 [restartedMain] INFO  o.s.b.w.e.tomcat.TomcatWebServer - Tomcat initialized with port 8880 (http)
2025-06-04 14:11:51 [restartedMain] INFO  o.a.catalina.core.StandardService - Starting service [Tomcat]
2025-06-04 14:11:51 [restartedMain] INFO  o.a.catalina.core.StandardEngine - Starting Servlet engine: [Apache Tomcat/10.1.25]
2025-06-04 14:11:51 [restartedMain] INFO  o.a.c.c.C.[Tomcat].[localhost].[/] - Initializing Spring embedded WebApplicationContext
2025-06-04 14:11:51 [restartedMain] INFO  o.s.b.w.s.c.ServletWebServerApplicationContext - Root WebApplicationContext: initialization completed in 1486 ms
2025-06-04 14:11:51 [restartedMain] INFO  com.zaxxer.hikari.HikariDataSource - HikariPool-7 - Starting...
2025-06-04 14:11:51 [restartedMain] INFO  com.zaxxer.hikari.pool.HikariPool - HikariPool-7 - Added connection conn92: url=jdbc:h2:mem:db user=ROOT
2025-06-04 14:11:51 [restartedMain] INFO  com.zaxxer.hikari.HikariDataSource - HikariPool-7 - Start completed.
2025-06-04 14:11:51 [restartedMain] INFO  o.s.b.a.h.H2ConsoleAutoConfiguration - H2 console available at '/h2-console'. Database available at 'jdbc:h2:mem:db'
2025-06-04 14:11:52 [restartedMain] INFO  o.h.jpa.internal.util.LogHelper - HHH000204: Processing PersistenceUnitInfo [name: default]
2025-06-04 14:11:52 [restartedMain] INFO  o.h.c.i.RegionFactoryInitiator - HHH000026: Second-level cache disabled
2025-06-04 14:11:52 [restartedMain] INFO  o.s.o.j.p.SpringPersistenceUnitInfo - No LoadTimeWeaver setup: ignoring JPA class transformer
2025-06-04 14:11:52 [restartedMain] INFO  o.h.e.t.j.p.i.JtaPlatformInitiator - HHH000489: No JTA platform available (set 'hibernate.transaction.jta.platform' to enable JTA platform integration)
2025-06-04 14:11:52 [restartedMain] DEBUG org.hibernate.SQL - create table authorities (id integer generated by default as identity, authority varchar(255), username varchar(255), primary key (id))
2025-06-04 14:11:52 [restartedMain] DEBUG org.hibernate.SQL - create table authority_list (id integer generated by default as identity, authority varchar(255), user_num integer, primary key (id))
2025-06-04 14:11:52 [restartedMain] DEBUG org.hibernate.SQL - create table expense_categories (id integer generated by default as identity, created_date date, name varchar(255), user_id integer, primary key (id))
2025-06-04 14:11:52 [restartedMain] DEBUG org.hibernate.SQL - create table expense_plan (id integer generated by default as identity, end_date date, start_date date, total_amount numeric(38,2), primary key (id))
2025-06-04 14:11:52 [restartedMain] DEBUG org.hibernate.SQL - create table expenses (id integer generated by default as identity, amount numeric(38,2), created_date date, description varchar(255), exp_category_id integer, user_id integer, primary key (id))
2025-06-04 14:11:52 [restartedMain] DEBUG org.hibernate.SQL - create table income_categories (id integer generated by default as identity, created_date date, name varchar(255), user_id integer, primary key (id))
2025-06-04 14:11:52 [restartedMain] DEBUG org.hibernate.SQL - create table incomes (id integer generated by default as identity, amount numeric(38,2), created_date date, description varchar(255), inc_category_id integer, user_id integer, primary key (id))
2025-06-04 14:11:52 [restartedMain] DEBUG org.hibernate.SQL - create table reports (id integer generated by default as identity, primary key (id))
2025-06-04 14:11:52 [restartedMain] DEBUG org.hibernate.SQL - create table users (id integer generated by default as identity, enabled boolean, password varchar(255), username varchar(255), primary key (id))
2025-06-04 14:11:52 [restartedMain] DEBUG org.hibernate.SQL - alter table if exists users drop constraint if exists UKr43af9ap4edm43mmtq01oddj6
2025-06-04 14:11:52 [restartedMain] DEBUG org.hibernate.SQL - alter table if exists users add constraint UKr43af9ap4edm43mmtq01oddj6 unique (username)
2025-06-04 14:11:52 [restartedMain] INFO  o.s.o.j.LocalContainerEntityManagerFactoryBean - Initialized JPA EntityManagerFactory for persistence unit 'default'
2025-06-04 14:11:53 [restartedMain] WARN  o.s.b.a.o.j.JpaBaseConfiguration$JpaWebConfiguration - spring.jpa.open-in-view is enabled by default. Therefore, database queries may be performed during view rendering. Explicitly configure spring.jpa.open-in-view to disable this warning
2025-06-04 14:11:53 [restartedMain] INFO  o.s.s.c.a.a.c.InitializeAuthenticationProviderBeanManagerConfigurer$InitializeAuthenticationProviderManagerConfigurer - Global AuthenticationManager configured with AuthenticationProvider bean with name authenticationProvider
2025-06-04 14:11:53 [restartedMain] WARN  o.s.s.c.a.a.c.InitializeUserDetailsBeanManagerConfigurer$InitializeUserDetailsManagerConfigurer - Global AuthenticationManager configured with an AuthenticationProvider bean. UserDetailsService beans will not be used for username/password login. Consider removing the AuthenticationProvider bean. Alternatively, consider using the UserDetailsService in a manually instantiated DaoAuthenticationProvider.
2025-06-04 14:11:54 [restartedMain] INFO  o.s.b.d.a.OptionalLiveReloadServer - LiveReload server is running on port 35729
2025-06-04 14:11:54 [restartedMain] INFO  o.s.b.w.e.tomcat.TomcatWebServer - Tomcat started on port 8880 (http) with context path '/'
2025-06-04 14:11:54 [restartedMain] INFO  s.b.BalanceManagementApplication - Started BalanceManagementApplication in 3.852 seconds (process running for 6815.534)
2025-06-04 14:11:54 [restartedMain] INFO  o.s.b.d.a.ConditionEvaluationDeltaLoggingListener - Condition evaluation unchanged
